<?xml version="1.0" encoding="UTF-8"?>
<!-- Generated by org.testng.reporters.JUnitReportReporter -->
<testsuite skipped="0" hostname="Mohammad-uddin" name="gethub.Gethubclass" tests="1" failures="0" timestamp="2020-06-16T17:17:51 EDT" time="9.125" errors="0">
  <testcase name="openBrowers" time="9.125" classname="gethub.Gethubclass"/>
  <system-out/>
</testsuite> <!-- gethub.Gethubclass -->
