<?xml version="1.0" encoding="UTF-8"?>
<!-- Generated by org.testng.reporters.JUnitReportReporter -->
<testsuite skipped="0" hostname="Mohammad-uddin" name="gethub.Gethubclass" tests="1" failures="0" timestamp="2020-06-16T16:02:39 EDT" time="8.799" errors="0">
  <testcase name="openBrowers" time="8.799" classname="gethub.Gethubclass"/>
  <system-out/>
</testsuite> <!-- gethub.Gethubclass -->
